<?xml version="1.0" encoding="UTF-8"?>
<!-- Generated by org.testng.reporters.JUnitReportReporter -->
<testsuite hostname="LAPTOP-ONRAIVR5" failures="0" tests="1" name="com.jasmine.tests.LoginTest" time="8.776" errors="0" timestamp="18 Jul 2024 09:02:18 GMT" skipped="0">
  <testcase classname="com.jasmine.tests.LoginTest" name="loginToShop" time="8.776"/>
</testsuite> <!-- com.jasmine.tests.LoginTest -->
